[2023-12-20 16:42:28,423 ] 15 root - INFO - >>>>>>>>>>>>>>>>>>>>>>>>>>>>>>>>>>>>>>>> Data Ingestion <<<<<<<<<<<<<<<<<<<<<<<<<<<<<<<<<<<<<<<<
[2023-12-20 16:42:28,423 ] 22 root - INFO - Exporting collection data as dataframe
[2023-12-20 16:42:28,423 ] 19 root - INFO - Reading dataframe from mongodb database aps and collection sensor
[2023-12-20 16:43:08,268 ] 21 root - INFO - Found columns Index(['_id', 'class', 'aa_000', 'ab_000', 'ac_000', 'ad_000', 'ae_000',
       'af_000', 'ag_000', 'ag_001',
       ...
       'ee_002', 'ee_003', 'ee_004', 'ee_005', 'ee_006', 'ee_007', 'ee_008',
       'ee_009', 'ef_000', 'eg_000'],
      dtype='object', length=172)
[2023-12-20 16:43:08,544 ] 24 root - INFO - Rows and columns in df:(36188, 171)
[2023-12-20 16:43:09,687 ] 31 root - INFO - Creating feature store folder if not available
[2023-12-20 16:43:09,688 ] 35 root - INFO - Save df to feature store folder
[2023-12-20 16:43:11,604 ] 39 root - INFO - split the dataset into train and test dataset
[2023-12-20 16:43:11,823 ] 43 root - INFO - Creating dataset directory folder if not available
[2023-12-20 16:43:11,823 ] 48 root - INFO - Save df to dataset folder
[2023-12-20 16:43:13,713 ] 60 root - INFO - Data Ingestion Artifact:DataIngestionArtifact(feature_store_file_path='C:\\Users\\Prince\\Desktop\\Practice\\iNeuron\\Dec_19\\artifact\\20122023__164228\\data ingestion\\feature_store\\sensor.csv', train_file_path='C:\\Users\\Prince\\Desktop\\Practice\\iNeuron\\Dec_19\\artifact\\20122023__164228\\data ingestion\\dataset\\train.csv', test_file_path='C:\\Users\\Prince\\Desktop\\Practice\\iNeuron\\Dec_19\\artifact\\20122023__164228\\data ingestion\\dataset\\test.csv')
[2023-12-20 16:43:14,123 ] 18 root - INFO - >>>>>>>>>>>>>>>>>>>>>>>>>>>>>>>>>>>>>>>> Data Valiation <<<<<<<<<<<<<<<<<<<<<<<<<<<<<<<<<<<<<<<<
[2023-12-20 16:43:14,123 ] 101 root - INFO - Reading base dataframe
[2023-12-20 16:43:16,948 ] 104 root - INFO - Replacing na value in base_df
[2023-12-20 16:43:16,948 ] 107 root - INFO - Dropping null values from base_df
