[2023-12-20 16:44:14,508 ] 15 root - INFO - >>>>>>>>>>>>>>>>>>>>>>>>>>>>>>>>>>>>>>>> Data Ingestion <<<<<<<<<<<<<<<<<<<<<<<<<<<<<<<<<<<<<<<<
[2023-12-20 16:44:14,508 ] 22 root - INFO - Exporting collection data as dataframe
[2023-12-20 16:44:14,508 ] 19 root - INFO - Reading dataframe from mongodb database aps and collection sensor
[2023-12-20 16:44:52,256 ] 21 root - INFO - Found columns Index(['_id', 'class', 'aa_000', 'ab_000', 'ac_000', 'ad_000', 'ae_000',
       'af_000', 'ag_000', 'ag_001',
       ...
       'ee_002', 'ee_003', 'ee_004', 'ee_005', 'ee_006', 'ee_007', 'ee_008',
       'ee_009', 'ef_000', 'eg_000'],
      dtype='object', length=172)
[2023-12-20 16:44:52,508 ] 24 root - INFO - Rows and columns in df:(36188, 171)
[2023-12-20 16:44:53,660 ] 31 root - INFO - Creating feature store folder if not available
[2023-12-20 16:44:53,660 ] 35 root - INFO - Save df to feature store folder
[2023-12-20 16:44:55,585 ] 39 root - INFO - split the dataset into train and test dataset
[2023-12-20 16:44:55,803 ] 43 root - INFO - Creating dataset directory folder if not available
[2023-12-20 16:44:55,819 ] 48 root - INFO - Save df to dataset folder
[2023-12-20 16:44:57,713 ] 60 root - INFO - Data Ingestion Artifact:DataIngestionArtifact(feature_store_file_path='C:\\Users\\Prince\\Desktop\\Practice\\iNeuron\\Dec_19\\artifact\\20122023__164414\\data ingestion\\feature_store\\sensor.csv', train_file_path='C:\\Users\\Prince\\Desktop\\Practice\\iNeuron\\Dec_19\\artifact\\20122023__164414\\data ingestion\\dataset\\train.csv', test_file_path='C:\\Users\\Prince\\Desktop\\Practice\\iNeuron\\Dec_19\\artifact\\20122023__164414\\data ingestion\\dataset\\test.csv')
[2023-12-20 16:44:58,101 ] 18 root - INFO - >>>>>>>>>>>>>>>>>>>>>>>>>>>>>>>>>>>>>>>> Data Valiation <<<<<<<<<<<<<<<<<<<<<<<<<<<<<<<<<<<<<<<<
[2023-12-20 16:44:58,101 ] 101 root - INFO - Reading base dataframe
[2023-12-20 16:45:00,927 ] 104 root - INFO - Replacing na value in base_df
[2023-12-20 16:45:00,927 ] 107 root - INFO - Dropping null values from base_df
[2023-12-20 16:45:01,163 ] 38 root - INFO - selecting column name which contains null values above to 0.2
[2023-12-20 16:45:01,163 ] 41 root - INFO - Columns to drop: ['ab_000', 'ad_000', 'bk_000', 'bl_000', 'bm_000', 'bn_000', 'bo_000', 'bp_000', 'bq_000', 'br_000', 'cf_000', 'cg_000', 'ch_000', 'co_000', 'cr_000', 'ct_000', 'cu_000', 'cv_000', 'cx_000', 'cy_000', 'cz_000', 'da_000', 'db_000', 'dc_000'] 
[2023-12-20 16:45:01,266 ] 110 root - INFO - Reading train dataframe
[2023-12-20 16:45:02,041 ] 112 root - INFO - Reading test dataset
[2023-12-20 16:45:02,245 ] 115 root - INFO - Dropping null value columns from train and test dataset
[2023-12-20 16:45:02,261 ] 38 root - INFO - selecting column name which contains null values above to 0.2
[2023-12-20 16:45:02,261 ] 41 root - INFO - Columns to drop: ['ab_000', 'ad_000', 'bk_000', 'bl_000', 'bm_000', 'bn_000', 'bo_000', 'bp_000', 'bq_000', 'br_000', 'cf_000', 'cg_000', 'ch_000', 'co_000', 'cr_000', 'ct_000', 'cu_000', 'cv_000', 'cx_000', 'cy_000', 'cz_000', 'da_000', 'db_000', 'dc_000'] 
[2023-12-20 16:45:02,292 ] 38 root - INFO - selecting column name which contains null values above to 0.2
[2023-12-20 16:45:02,292 ] 41 root - INFO - Columns to drop: ['ab_000', 'ad_000', 'bk_000', 'bl_000', 'bm_000', 'bn_000', 'bo_000', 'bp_000', 'bq_000', 'br_000', 'cf_000', 'cg_000', 'ch_000', 'co_000', 'cr_000', 'ct_000', 'cu_000', 'cv_000', 'cx_000', 'cy_000', 'cz_000', 'da_000', 'db_000', 'dc_000'] 
[2023-12-20 16:45:02,308 ] 120 root - INFO - converted features to float
[2023-12-20 16:45:03,809 ] 125 root - INFO - Is all required column present in train df
