[2023-12-20 16:47:31,903 ] 15 root - INFO - >>>>>>>>>>>>>>>>>>>>>>>>>>>>>>>>>>>>>>>> Data Ingestion <<<<<<<<<<<<<<<<<<<<<<<<<<<<<<<<<<<<<<<<
[2023-12-20 16:47:31,903 ] 22 root - INFO - Exporting collection data as dataframe
[2023-12-20 16:47:31,903 ] 19 root - INFO - Reading dataframe from mongodb database aps and collection sensor
[2023-12-20 16:48:09,121 ] 21 root - INFO - Found columns Index(['_id', 'class', 'aa_000', 'ab_000', 'ac_000', 'ad_000', 'ae_000',
       'af_000', 'ag_000', 'ag_001',
       ...
       'ee_002', 'ee_003', 'ee_004', 'ee_005', 'ee_006', 'ee_007', 'ee_008',
       'ee_009', 'ef_000', 'eg_000'],
      dtype='object', length=172)
[2023-12-20 16:48:09,362 ] 24 root - INFO - Rows and columns in df:(36188, 171)
[2023-12-20 16:48:10,507 ] 31 root - INFO - Creating feature store folder if not available
[2023-12-20 16:48:10,507 ] 35 root - INFO - Save df to feature store folder
[2023-12-20 16:48:12,421 ] 39 root - INFO - split the dataset into train and test dataset
[2023-12-20 16:48:12,658 ] 43 root - INFO - Creating dataset directory folder if not available
[2023-12-20 16:48:12,658 ] 48 root - INFO - Save df to dataset folder
[2023-12-20 16:48:14,568 ] 60 root - INFO - Data Ingestion Artifact:DataIngestionArtifact(feature_store_file_path='C:\\Users\\Prince\\Desktop\\Practice\\iNeuron\\Dec_19\\artifact\\20122023__164731\\data ingestion\\feature_store\\sensor.csv', train_file_path='C:\\Users\\Prince\\Desktop\\Practice\\iNeuron\\Dec_19\\artifact\\20122023__164731\\data ingestion\\dataset\\train.csv', test_file_path='C:\\Users\\Prince\\Desktop\\Practice\\iNeuron\\Dec_19\\artifact\\20122023__164731\\data ingestion\\dataset\\test.csv')
[2023-12-20 16:48:14,962 ] 18 root - INFO - >>>>>>>>>>>>>>>>>>>>>>>>>>>>>>>>>>>>>>>> Data Valiation <<<<<<<<<<<<<<<<<<<<<<<<<<<<<<<<<<<<<<<<
[2023-12-20 16:48:14,962 ] 101 root - INFO - Reading base dataframe
[2023-12-20 16:48:17,776 ] 104 root - INFO - Replacing na value in base_df
[2023-12-20 16:48:17,776 ] 107 root - INFO - Dropping null values from base_df
[2023-12-20 16:48:18,020 ] 38 root - INFO - selecting column name which contains null values above to 0.2
[2023-12-20 16:48:18,020 ] 41 root - INFO - Columns to drop: ['ab_000', 'ad_000', 'bk_000', 'bl_000', 'bm_000', 'bn_000', 'bo_000', 'bp_000', 'bq_000', 'br_000', 'cf_000', 'cg_000', 'ch_000', 'co_000', 'cr_000', 'ct_000', 'cu_000', 'cv_000', 'cx_000', 'cy_000', 'cz_000', 'da_000', 'db_000', 'dc_000'] 
[2023-12-20 16:48:18,120 ] 110 root - INFO - Reading train dataframe
[2023-12-20 16:48:18,850 ] 112 root - INFO - Reading test dataset
[2023-12-20 16:48:19,052 ] 115 root - INFO - Dropping null value columns from train and test dataset
[2023-12-20 16:48:19,067 ] 38 root - INFO - selecting column name which contains null values above to 0.2
[2023-12-20 16:48:19,067 ] 41 root - INFO - Columns to drop: ['ab_000', 'ad_000', 'bk_000', 'bl_000', 'bm_000', 'bn_000', 'bo_000', 'bp_000', 'bq_000', 'br_000', 'cf_000', 'cg_000', 'ch_000', 'co_000', 'cr_000', 'ct_000', 'cu_000', 'cv_000', 'cx_000', 'cy_000', 'cz_000', 'da_000', 'db_000', 'dc_000'] 
[2023-12-20 16:48:19,100 ] 38 root - INFO - selecting column name which contains null values above to 0.2
[2023-12-20 16:48:19,100 ] 41 root - INFO - Columns to drop: ['ab_000', 'ad_000', 'bk_000', 'bl_000', 'bm_000', 'bn_000', 'bo_000', 'bp_000', 'bq_000', 'br_000', 'cf_000', 'cg_000', 'ch_000', 'co_000', 'cr_000', 'ct_000', 'cu_000', 'cv_000', 'cx_000', 'cy_000', 'cz_000', 'da_000', 'db_000', 'dc_000'] 
[2023-12-20 16:48:19,100 ] 120 root - INFO - converted features to float
[2023-12-20 16:48:20,574 ] 125 root - INFO - Is all required column present in train df
[2023-12-20 16:48:20,574 ] 127 root - INFO - Is all required column present in test df
[2023-12-20 16:48:20,574 ] 131 root - INFO - As all columns are available in train df hence detecting data drift
[2023-12-20 16:48:25,047 ] 134 root - INFO - As all columns are available in test df hence detecting data drift
[2023-12-20 16:48:26,462 ] 138 root - INFO - writing report in yaml file
