[2023-12-20 22:27:12,488 ] 15 root - INFO - >>>>>>>>>>>>>>>>>>>>>>>>>>>>>>>>>>>>>>>> Data Ingestion <<<<<<<<<<<<<<<<<<<<<<<<<<<<<<<<<<<<<<<<
[2023-12-20 22:27:12,488 ] 22 root - INFO - Exporting collection data as dataframe
[2023-12-20 22:27:12,488 ] 21 root - INFO - Reading dataframe from mongodb database aps and collection sensor
[2023-12-20 22:27:56,424 ] 23 root - INFO - Found columns Index(['_id', 'class', 'aa_000', 'ab_000', 'ac_000', 'ad_000', 'ae_000',
       'af_000', 'ag_000', 'ag_001',
       ...
       'ee_002', 'ee_003', 'ee_004', 'ee_005', 'ee_006', 'ee_007', 'ee_008',
       'ee_009', 'ef_000', 'eg_000'],
      dtype='object', length=172)
[2023-12-20 22:27:56,957 ] 26 root - INFO - Rows and columns in df:(36188, 171)
[2023-12-20 22:27:58,132 ] 31 root - INFO - Creating feature store folder if not available
[2023-12-20 22:27:58,143 ] 35 root - INFO - Save df to feature store folder
[2023-12-20 22:28:00,227 ] 39 root - INFO - split the dataset into train and test dataset
[2023-12-20 22:28:00,464 ] 43 root - INFO - Creating dataset directory folder if not available
[2023-12-20 22:28:00,464 ] 48 root - INFO - Save df to dataset folder
[2023-12-20 22:28:02,455 ] 60 root - INFO - Data Ingestion Artifact:DataIngestionArtifact(feature_store_file_path='C:\\Users\\Prince\\Desktop\\Practice\\iNeuron\\Dec_19\\artifact\\20122023__222712\\data ingestion\\feature_store\\sensor.csv', train_file_path='C:\\Users\\Prince\\Desktop\\Practice\\iNeuron\\Dec_19\\artifact\\20122023__222712\\data ingestion\\dataset\\train.csv', test_file_path='C:\\Users\\Prince\\Desktop\\Practice\\iNeuron\\Dec_19\\artifact\\20122023__222712\\data ingestion\\dataset\\test.csv')
[2023-12-20 22:28:02,878 ] 18 root - INFO - >>>>>>>>>>>>>>>>>>>>>>>>>>>>>>>>>>>>>>>> Data Valiation <<<<<<<<<<<<<<<<<<<<<<<<<<<<<<<<<<<<<<<<
[2023-12-20 22:28:02,878 ] 101 root - INFO - Reading base dataframe
[2023-12-20 22:28:06,085 ] 104 root - INFO - Replacing na value in base_df
[2023-12-20 22:28:06,085 ] 107 root - INFO - Dropping null values from base_df
[2023-12-20 22:28:06,388 ] 38 root - INFO - selecting column name which contains null values above to 0.2
[2023-12-20 22:28:06,388 ] 41 root - INFO - Columns to drop: ['ab_000', 'ad_000', 'bk_000', 'bl_000', 'bm_000', 'bn_000', 'bo_000', 'bp_000', 'bq_000', 'br_000', 'cf_000', 'cg_000', 'ch_000', 'co_000', 'cr_000', 'ct_000', 'cu_000', 'cv_000', 'cx_000', 'cy_000', 'cz_000', 'da_000', 'db_000', 'dc_000'] 
[2023-12-20 22:28:06,508 ] 110 root - INFO - Reading train dataframe
[2023-12-20 22:28:07,420 ] 112 root - INFO - Reading test dataset
[2023-12-20 22:28:08,190 ] 115 root - INFO - Dropping null value columns from train and test dataset
[2023-12-20 22:28:08,198 ] 38 root - INFO - selecting column name which contains null values above to 0.2
[2023-12-20 22:28:08,198 ] 41 root - INFO - Columns to drop: ['ab_000', 'ad_000', 'bk_000', 'bl_000', 'bm_000', 'bn_000', 'bo_000', 'bp_000', 'bq_000', 'br_000', 'cf_000', 'cg_000', 'ch_000', 'co_000', 'cr_000', 'ct_000', 'cu_000', 'cv_000', 'cx_000', 'cy_000', 'cz_000', 'da_000', 'db_000', 'dc_000'] 
[2023-12-20 22:28:08,246 ] 38 root - INFO - selecting column name which contains null values above to 0.2
[2023-12-20 22:28:08,246 ] 41 root - INFO - Columns to drop: ['ab_000', 'ad_000', 'bk_000', 'bl_000', 'bm_000', 'bn_000', 'bo_000', 'bp_000', 'bq_000', 'br_000', 'cf_000', 'cg_000', 'ch_000', 'co_000', 'cr_000', 'ct_000', 'cu_000', 'cv_000', 'cx_000', 'cy_000', 'cz_000', 'da_000', 'db_000', 'dc_000'] 
[2023-12-20 22:28:08,246 ] 120 root - INFO - converted features to float
[2023-12-20 22:28:10,478 ] 125 root - INFO - Is all required column present in train df
[2023-12-20 22:28:10,478 ] 127 root - INFO - Is all required column present in test df
[2023-12-20 22:28:10,478 ] 131 root - INFO - As all columns are available in train df hence detecting data drift
[2023-12-20 22:28:13,850 ] 134 root - INFO - As all columns are available in test df hence detecting data drift
[2023-12-20 22:28:15,061 ] 138 root - INFO - writing report in yaml file
[2023-12-20 22:28:15,083 ] 143 root - INFO - Data Validation artifact:DataValidationArtifact(report_file_path='C:\\Users\\Prince\\Desktop\\Practice\\iNeuron\\Dec_19\\artifact\\20122023__222712\\data_validation\\report.yaml')
[2023-12-20 22:28:15,158 ] 21 root - INFO - >>>>>>>>>>>>>>>>>>>>>>>>>>>>>>>>>>>>>>>> Data Transformation <<<<<<<<<<<<<<<<<<<<<<<<<<<<<<<<<<<<<<<<
[2023-12-20 22:28:15,158 ] 44 root - INFO - Reading train and test df
[2023-12-20 22:28:16,111 ] 47 root - INFO - Successfully read the dataset
