[2023-12-21 17:07:42,999 ] 15 root - INFO - >>>>>>>>>>>>>>>>>>>>>>>>>>>>>>>>>>>>>>>> Data Ingestion <<<<<<<<<<<<<<<<<<<<<<<<<<<<<<<<<<<<<<<<
[2023-12-21 17:07:42,999 ] 22 root - INFO - Exporting collection data as dataframe
[2023-12-21 17:07:42,999 ] 22 root - INFO - Reading dataframe from mongodb database aps and collection sensor
[2023-12-21 17:08:29,168 ] 24 root - INFO - Found columns Index(['_id', 'class', 'aa_000', 'ab_000', 'ac_000', 'ad_000', 'ae_000',
       'af_000', 'ag_000', 'ag_001',
       ...
       'ee_002', 'ee_003', 'ee_004', 'ee_005', 'ee_006', 'ee_007', 'ee_008',
       'ee_009', 'ef_000', 'eg_000'],
      dtype='object', length=172)
[2023-12-21 17:08:29,485 ] 27 root - INFO - Rows and columns in df:(36188, 171)
[2023-12-21 17:08:30,719 ] 31 root - INFO - Creating feature store folder if not available
[2023-12-21 17:08:30,720 ] 35 root - INFO - Save df to feature store folder
[2023-12-21 17:08:33,199 ] 39 root - INFO - split the dataset into train and test dataset
[2023-12-21 17:08:33,455 ] 43 root - INFO - Creating dataset directory folder if not available
[2023-12-21 17:08:33,456 ] 48 root - INFO - Save df to dataset folder
[2023-12-21 17:08:35,760 ] 60 root - INFO - Data Ingestion Artifact:DataIngestionArtifact(feature_store_file_path='C:\\Users\\Prince\\Desktop\\Practice\\iNeuron\\Dec_19\\artifact\\21122023__170742\\data ingestion\\feature_store\\sensor.csv', train_file_path='C:\\Users\\Prince\\Desktop\\Practice\\iNeuron\\Dec_19\\artifact\\21122023__170742\\data ingestion\\dataset\\train.csv', test_file_path='C:\\Users\\Prince\\Desktop\\Practice\\iNeuron\\Dec_19\\artifact\\21122023__170742\\data ingestion\\dataset\\test.csv')
[2023-12-21 17:08:36,250 ] 18 root - INFO - >>>>>>>>>>>>>>>>>>>>>>>>>>>>>>>>>>>>>>>> Data Valiation <<<<<<<<<<<<<<<<<<<<<<<<<<<<<<<<<<<<<<<<
[2023-12-21 17:08:36,250 ] 101 root - INFO - Reading base dataframe
[2023-12-21 17:08:39,448 ] 104 root - INFO - Replacing na value in base_df
[2023-12-21 17:08:39,448 ] 107 root - INFO - Dropping null values from base_df
[2023-12-21 17:08:39,696 ] 38 root - INFO - selecting column name which contains null values above to 0.2
[2023-12-21 17:08:39,696 ] 41 root - INFO - Columns to drop: ['ab_000', 'ad_000', 'bk_000', 'bl_000', 'bm_000', 'bn_000', 'bo_000', 'bp_000', 'bq_000', 'br_000', 'cf_000', 'cg_000', 'ch_000', 'co_000', 'cr_000', 'ct_000', 'cu_000', 'cv_000', 'cx_000', 'cy_000', 'cz_000', 'da_000', 'db_000', 'dc_000'] 
[2023-12-21 17:08:39,811 ] 110 root - INFO - Reading train dataframe
[2023-12-21 17:08:40,954 ] 112 root - INFO - Reading test dataset
[2023-12-21 17:08:41,193 ] 115 root - INFO - Dropping null value columns from train and test dataset
[2023-12-21 17:08:41,209 ] 38 root - INFO - selecting column name which contains null values above to 0.2
[2023-12-21 17:08:41,209 ] 41 root - INFO - Columns to drop: ['ab_000', 'ad_000', 'bk_000', 'bl_000', 'bm_000', 'bn_000', 'bo_000', 'bp_000', 'bq_000', 'br_000', 'cf_000', 'cg_000', 'ch_000', 'co_000', 'cr_000', 'ct_000', 'cu_000', 'cv_000', 'cx_000', 'cy_000', 'cz_000', 'da_000', 'db_000', 'dc_000'] 
[2023-12-21 17:08:41,240 ] 38 root - INFO - selecting column name which contains null values above to 0.2
[2023-12-21 17:08:41,240 ] 41 root - INFO - Columns to drop: ['ab_000', 'ad_000', 'bk_000', 'bl_000', 'bm_000', 'bn_000', 'bo_000', 'bp_000', 'bq_000', 'br_000', 'cf_000', 'cg_000', 'ch_000', 'co_000', 'cr_000', 'ct_000', 'cu_000', 'cv_000', 'cx_000', 'cy_000', 'cz_000', 'da_000', 'db_000', 'dc_000'] 
[2023-12-21 17:08:41,256 ] 120 root - INFO - converted features to float
[2023-12-21 17:08:42,731 ] 125 root - INFO - Is all required column present in train df
[2023-12-21 17:08:42,731 ] 127 root - INFO - Is all required column present in test df
[2023-12-21 17:08:42,731 ] 131 root - INFO - As all columns are available in train df hence detecting data drift
[2023-12-21 17:08:46,404 ] 134 root - INFO - As all columns are available in test df hence detecting data drift
[2023-12-21 17:08:47,885 ] 138 root - INFO - writing report in yaml file
[2023-12-21 17:08:47,932 ] 143 root - INFO - Data Validation artifact:DataValidationArtifact(report_file_path='C:\\Users\\Prince\\Desktop\\Practice\\iNeuron\\Dec_19\\artifact\\21122023__170742\\data_validation\\report.yaml')
[2023-12-21 17:08:47,994 ] 21 root - INFO - >>>>>>>>>>>>>>>>>>>>>>>>>>>>>>>>>>>>>>>> Data Transformation <<<<<<<<<<<<<<<<<<<<<<<<<<<<<<<<<<<<<<<<
[2023-12-21 17:08:47,994 ] 45 root - INFO - Reading train and test df
[2023-12-21 17:08:49,066 ] 48 root - INFO - Successfully read the dataset
[2023-12-21 17:08:49,864 ] 73 root - INFO - Before resampling in training dataset: Input features(28950, 170) Target:(28950,) 
[2023-12-21 17:09:23,104 ] 75 root - INFO - Before resampling in testing dataset: Input features(7238, 170) Target:(7238,) 
