[2023-12-21 17:26:27,780 ] 15 root - INFO - >>>>>>>>>>>>>>>>>>>>>>>>>>>>>>>>>>>>>>>> Data Ingestion <<<<<<<<<<<<<<<<<<<<<<<<<<<<<<<<<<<<<<<<
[2023-12-21 17:26:27,780 ] 22 root - INFO - Exporting collection data as dataframe
[2023-12-21 17:26:27,780 ] 22 root - INFO - Reading dataframe from mongodb database aps and collection sensor
[2023-12-21 17:27:03,954 ] 24 root - INFO - Found columns Index(['_id', 'class', 'aa_000', 'ab_000', 'ac_000', 'ad_000', 'ae_000',
       'af_000', 'ag_000', 'ag_001',
       ...
       'ee_002', 'ee_003', 'ee_004', 'ee_005', 'ee_006', 'ee_007', 'ee_008',
       'ee_009', 'ef_000', 'eg_000'],
      dtype='object', length=172)
[2023-12-21 17:27:04,248 ] 27 root - INFO - Rows and columns in df:(36188, 171)
[2023-12-21 17:27:05,392 ] 31 root - INFO - Creating feature store folder if not available
[2023-12-21 17:27:05,392 ] 35 root - INFO - Save df to feature store folder
[2023-12-21 17:27:07,409 ] 39 root - INFO - split the dataset into train and test dataset
[2023-12-21 17:27:07,637 ] 43 root - INFO - Creating dataset directory folder if not available
[2023-12-21 17:27:07,637 ] 48 root - INFO - Save df to dataset folder
[2023-12-21 17:27:09,523 ] 60 root - INFO - Data Ingestion Artifact:DataIngestionArtifact(feature_store_file_path='C:\\Users\\Prince\\Desktop\\Practice\\iNeuron\\Dec_19\\artifact\\21122023__172627\\data ingestion\\feature_store\\sensor.csv', train_file_path='C:\\Users\\Prince\\Desktop\\Practice\\iNeuron\\Dec_19\\artifact\\21122023__172627\\data ingestion\\dataset\\train.csv', test_file_path='C:\\Users\\Prince\\Desktop\\Practice\\iNeuron\\Dec_19\\artifact\\21122023__172627\\data ingestion\\dataset\\test.csv')
[2023-12-21 17:27:09,964 ] 18 root - INFO - >>>>>>>>>>>>>>>>>>>>>>>>>>>>>>>>>>>>>>>> Data Valiation <<<<<<<<<<<<<<<<<<<<<<<<<<<<<<<<<<<<<<<<
[2023-12-21 17:27:09,964 ] 101 root - INFO - Reading base dataframe
[2023-12-21 17:27:13,002 ] 104 root - INFO - Replacing na value in base_df
[2023-12-21 17:27:13,002 ] 107 root - INFO - Dropping null values from base_df
[2023-12-21 17:27:13,289 ] 38 root - INFO - selecting column name which contains null values above to 0.2
[2023-12-21 17:27:13,289 ] 41 root - INFO - Columns to drop: ['ab_000', 'ad_000', 'bk_000', 'bl_000', 'bm_000', 'bn_000', 'bo_000', 'bp_000', 'bq_000', 'br_000', 'cf_000', 'cg_000', 'ch_000', 'co_000', 'cr_000', 'ct_000', 'cu_000', 'cv_000', 'cx_000', 'cy_000', 'cz_000', 'da_000', 'db_000', 'dc_000'] 
[2023-12-21 17:27:13,442 ] 110 root - INFO - Reading train dataframe
[2023-12-21 17:27:14,972 ] 112 root - INFO - Reading test dataset
[2023-12-21 17:27:15,405 ] 115 root - INFO - Dropping null value columns from train and test dataset
[2023-12-21 17:27:15,437 ] 38 root - INFO - selecting column name which contains null values above to 0.2
[2023-12-21 17:27:15,437 ] 41 root - INFO - Columns to drop: ['ab_000', 'ad_000', 'bk_000', 'bl_000', 'bm_000', 'bn_000', 'bo_000', 'bp_000', 'bq_000', 'br_000', 'cf_000', 'cg_000', 'ch_000', 'co_000', 'cr_000', 'ct_000', 'cu_000', 'cv_000', 'cx_000', 'cy_000', 'cz_000', 'da_000', 'db_000', 'dc_000'] 
[2023-12-21 17:27:15,470 ] 38 root - INFO - selecting column name which contains null values above to 0.2
[2023-12-21 17:27:15,470 ] 41 root - INFO - Columns to drop: ['ab_000', 'ad_000', 'bk_000', 'bl_000', 'bm_000', 'bn_000', 'bo_000', 'bp_000', 'bq_000', 'br_000', 'cf_000', 'cg_000', 'ch_000', 'co_000', 'cr_000', 'ct_000', 'cu_000', 'cv_000', 'cx_000', 'cy_000', 'cz_000', 'da_000', 'db_000', 'dc_000'] 
[2023-12-21 17:27:15,487 ] 120 root - INFO - converted features to float
[2023-12-21 17:27:17,203 ] 125 root - INFO - Is all required column present in train df
[2023-12-21 17:27:17,203 ] 127 root - INFO - Is all required column present in test df
[2023-12-21 17:27:17,203 ] 131 root - INFO - As all columns are available in train df hence detecting data drift
[2023-12-21 17:27:21,036 ] 134 root - INFO - As all columns are available in test df hence detecting data drift
[2023-12-21 17:27:22,286 ] 138 root - INFO - writing report in yaml file
[2023-12-21 17:27:22,325 ] 143 root - INFO - Data Validation artifact:DataValidationArtifact(report_file_path='C:\\Users\\Prince\\Desktop\\Practice\\iNeuron\\Dec_19\\artifact\\21122023__172627\\data_validation\\report.yaml')
[2023-12-21 17:27:22,393 ] 21 root - INFO - >>>>>>>>>>>>>>>>>>>>>>>>>>>>>>>>>>>>>>>> Data Transformation <<<<<<<<<<<<<<<<<<<<<<<<<<<<<<<<<<<<<<<<
[2023-12-21 17:27:22,393 ] 45 root - INFO - Reading train and test df
[2023-12-21 17:27:23,374 ] 48 root - INFO - Successfully read the dataset
[2023-12-21 17:27:23,986 ] 73 root - INFO - Before resampling in training dataset: Input features(28950, 170) Target:(28950,) 
[2023-12-21 17:27:56,176 ] 75 root - INFO - Before resampling in testing dataset: Input features(7238, 170) Target:(7238,) 
[2023-12-21 17:27:58,469 ] 68 root - INFO - Entered the save object method of utils
[2023-12-21 17:27:58,469 ] 72 root - INFO - Pipeline(steps=[('Imputer', SimpleImputer(fill_value=0, strategy='constant')),
                ('RobustScaler', RobustScaler())]) Object has been successfully saved and exiting now
[2023-12-21 17:27:58,469 ] 68 root - INFO - Entered the save object method of utils
[2023-12-21 17:27:58,469 ] 72 root - INFO - LabelEncoder() Object has been successfully saved and exiting now
[2023-12-21 17:27:58,513 ] 15 root - INFO - >>>>>>>>>>>>>>>>>>>>>>>>>>>>>>>>>>>>>>>> Model Trainer <<<<<<<<<<<<<<<<<<<<<<<<<<<<<<<<<<<<<<<<
[2023-12-21 17:27:58,513 ] 32 root - INFO - Loading train and test array
[2023-12-21 17:27:58,678 ] 36 root - INFO - Splitting input and target feature from both train and test array
[2023-12-21 17:27:58,678 ] 40 root - INFO - Train the model
[2023-12-21 17:30:40,064 ] 43 root - INFO - Calculating f1 train score
[2023-12-21 17:30:40,589 ] 47 root - INFO - Calculating f1 test score
[2023-12-21 17:30:40,718 ] 51 root - INFO - train score:0.9999821819931223 and tests score 0.9912993866780774
[2023-12-21 17:30:40,718 ] 53 root - INFO - Checking if our model is underfitted or not
[2023-12-21 17:30:40,718 ] 59 root - INFO - Checking if our model is overfitted or not
[2023-12-21 17:30:40,718 ] 66 root - INFO - Saving model object
[2023-12-21 17:30:40,718 ] 68 root - INFO - Entered the save object method of utils
[2023-12-21 17:30:40,731 ] 72 root - INFO - XGBClassifier(base_score=0.5, booster='gbtree', callbacks=None,
              colsample_bylevel=1, colsample_bynode=1, colsample_bytree=1,
              early_stopping_rounds=None, enable_categorical=False,
              eval_metric=None, gamma=0, gpu_id=-1, grow_policy='depthwise',
              importance_type=None, interaction_constraints='',
              learning_rate=0.300000012, max_bin=256, max_cat_to_onehot=4,
              max_delta_step=0, max_depth=6, max_leaves=0, min_child_weight=1,
              missing=nan, monotone_constraints='()', n_estimators=100,
              n_jobs=0, num_parallel_tree=1, predictor='auto', random_state=0,
              reg_alpha=0, reg_lambda=1, ...) Object has been successfully saved and exiting now
[2023-12-21 17:30:40,731 ] 70 root - INFO - Prepare the artifact
